<?xml version="1.0" encoding="UTF-8"?>
<!-- Generated by org.testng.reporters.JUnitXMLReporter -->
<testsuite ignored="0" hostname="LAPTOP-P01DG4LS" failures="0" tests="4" name="Default test" time="0.258" errors="0" timestamp="2021-07-07T01:04:35 IST">
  <testcase classname="Session15.JavaStreamsConcept" name="mapStream" time="0.042"/>
  <testcase classname="Session15.JavaStreamsConcept" name="regular" time="0.008"/>
  <testcase classname="Session15.JavaStreamsConcept" name="streamCollect" time="0.012"/>
  <testcase classname="Session15.JavaStreamsConcept" name="usingStreams" time="0.018"/>
</testsuite> <!-- Default test -->
