<?xml version="1.0" encoding="UTF-8"?>
<testng-results ignored="0" total="4" passed="4" failed="0" skipped="0">
  <reporter-output>
  </reporter-output>
  <suite started-at="2021-07-07T01:04:35 IST" name="Default suite" finished-at="2021-07-07T01:04:35 IST" duration-ms="258">
    <groups>
    </groups>
    <test started-at="2021-07-07T01:04:35 IST" name="Default test" finished-at="2021-07-07T01:04:35 IST" duration-ms="258">
      <class name="Session15.JavaStreamsConcept">
        <test-method signature="mapStream()[pri:0, instance:Session15.JavaStreamsConcept@6b8ca3c8]" started-at="2021-07-07T01:04:35 IST" name="mapStream" finished-at="2021-07-07T01:04:35 IST" duration-ms="42" status="PASS">
          <reporter-output>
          </reporter-output>
        </test-method> <!-- mapStream -->
        <test-method signature="regular()[pri:0, instance:Session15.JavaStreamsConcept@6b8ca3c8]" started-at="2021-07-07T01:04:35 IST" name="regular" finished-at="2021-07-07T01:04:35 IST" duration-ms="8" status="PASS">
          <reporter-output>
          </reporter-output>
        </test-method> <!-- regular -->
        <test-method signature="streamCollect()[pri:0, instance:Session15.JavaStreamsConcept@6b8ca3c8]" started-at="2021-07-07T01:04:35 IST" name="streamCollect" finished-at="2021-07-07T01:04:35 IST" duration-ms="12" status="PASS">
          <reporter-output>
          </reporter-output>
        </test-method> <!-- streamCollect -->
        <test-method signature="usingStreams()[pri:0, instance:Session15.JavaStreamsConcept@6b8ca3c8]" started-at="2021-07-07T01:04:35 IST" name="usingStreams" finished-at="2021-07-07T01:04:35 IST" duration-ms="18" status="PASS">
          <reporter-output>
          </reporter-output>
        </test-method> <!-- usingStreams -->
      </class> <!-- Session15.JavaStreamsConcept -->
    </test> <!-- Default test -->
  </suite> <!-- Default suite -->
</testng-results>
